This is pdfTeX, Version 3.141592653-2.6-1.40.27 (TeX Live 2026/dev/Arch Linux) (preloaded format=pdflatex 2025.3.24)  25 MAR 2025 21:08
entering extended mode
 restricted \write18 enabled.
 file:line:error style messages enabled.
 %&-line parsing enabled.
**/home/ursus/studia/NUMERYCZNE/MACD/sprawozdanie/sprawozdanie.tex
(/home/ursus/studia/NUMERYCZNE/MACD/sprawozdanie/sprawozdanie.tex
LaTeX2e <2024-11-01> patch level 2
L3 programming layer <2025-01-18>
(/usr/share/texmf-dist/tex/latex/base/article.cls
Document Class: article 2024/06/29 v1.4n Standard LaTeX document class
(/usr/share/texmf-dist/tex/latex/base/size12.clo
File: size12.clo 2024/06/29 v1.4n Standard LaTeX file (size option)
)
\c@part=\count196
\c@section=\count197
\c@subsection=\count198
\c@subsubsection=\count199
\c@paragraph=\count266
\c@subparagraph=\count267
\c@figure=\count268
\c@table=\count269
\abovecaptionskip=\skip49
\belowcaptionskip=\skip50
\bibindent=\dimen141
) (/usr/share/texmf-dist/tex/latex/base/fontenc.sty
Package: fontenc 2021/04/29 v2.0v Standard LaTeX package
) (/usr/share/texmf-dist/tex/latex/amsmath/amsmath.sty
Package: amsmath 2024/11/05 v2.17t AMS math features
\@mathmargin=\skip51

For additional information on amsmath, use the `?' option.
(/usr/share/texmf-dist/tex/latex/amsmath/amstext.sty
Package: amstext 2021/08/26 v2.01 AMS text
 (/usr/share/texmf-dist/tex/latex/amsmath/amsgen.sty
File: amsgen.sty 1999/11/30 v2.0 generic functions
\@emptytoks=\toks17
\ex@=\dimen142
)) (/usr/share/texmf-dist/tex/latex/amsmath/amsbsy.sty
Package: amsbsy 1999/11/29 v1.2d Bold Symbols
\pmbraise@=\dimen143
) (/usr/share/texmf-dist/tex/latex/amsmath/amsopn.sty
Package: amsopn 2022/04/08 v2.04 operator names
)
\inf@bad=\count270
LaTeX Info: Redefining \frac on input line 233.
\uproot@=\count271
\leftroot@=\count272
LaTeX Info: Redefining \overline on input line 398.
LaTeX Info: Redefining \colon on input line 409.
\classnum@=\count273
\DOTSCASE@=\count274
LaTeX Info: Redefining \ldots on input line 495.
LaTeX Info: Redefining \dots on input line 498.
LaTeX Info: Redefining \cdots on input line 619.
\Mathstrutbox@=\box52
\strutbox@=\box53
LaTeX Info: Redefining \big on input line 721.
LaTeX Info: Redefining \Big on input line 722.
LaTeX Info: Redefining \bigg on input line 723.
LaTeX Info: Redefining \Bigg on input line 724.
\big@size=\dimen144
LaTeX Font Info:    Redeclaring font encoding OML on input line 742.
LaTeX Font Info:    Redeclaring font encoding OMS on input line 743.
\macc@depth=\count275
LaTeX Info: Redefining \bmod on input line 904.
LaTeX Info: Redefining \pmod on input line 909.
LaTeX Info: Redefining \smash on input line 939.
LaTeX Info: Redefining \relbar on input line 969.
LaTeX Info: Redefining \Relbar on input line 970.
\c@MaxMatrixCols=\count276
\dotsspace@=\muskip17
\c@parentequation=\count277
\dspbrk@lvl=\count278
\tag@help=\toks18
\row@=\count279
\column@=\count280
\maxfields@=\count281
\andhelp@=\toks19
\eqnshift@=\dimen145
\alignsep@=\dimen146
\tagshift@=\dimen147
\tagwidth@=\dimen148
\totwidth@=\dimen149
\lineht@=\dimen150
\@envbody=\toks20
\multlinegap=\skip52
\multlinetaggap=\skip53
\mathdisplay@stack=\toks21
LaTeX Info: Redefining \[ on input line 2953.
LaTeX Info: Redefining \] on input line 2954.
) (/usr/share/texmf-dist/tex/latex/graphics/graphicx.sty
Package: graphicx 2021/09/16 v1.2d Enhanced LaTeX Graphics (DPC,SPQR)
 (/usr/share/texmf-dist/tex/latex/graphics/keyval.sty
Package: keyval 2022/05/29 v1.15 key=value parser (DPC)
\KV@toks@=\toks22
) (/usr/share/texmf-dist/tex/latex/graphics/graphics.sty
Package: graphics 2024/08/06 v1.4g Standard LaTeX Graphics (DPC,SPQR)
 (/usr/share/texmf-dist/tex/latex/graphics/trig.sty
Package: trig 2023/12/02 v1.11 sin cos tan (DPC)
) (/usr/share/texmf-dist/tex/latex/graphics-cfg/graphics.cfg
File: graphics.cfg 2016/06/04 v1.11 sample graphics configuration
)
Package graphics Info: Driver file: pdftex.def on input line 106.
 (/usr/share/texmf-dist/tex/latex/graphics-def/pdftex.def
File: pdftex.def 2024/04/13 v1.2c Graphics/color driver for pdftex
))
\Gin@req@height=\dimen151
\Gin@req@width=\dimen152
) (/usr/share/texmf-dist/tex/latex/l3backend/l3backend-pdftex.def
File: l3backend-pdftex.def 2024-05-08 L3 backend support: PDF output (pdfTeX)
\l__color_backend_stack_int=\count282
\l__pdf_internal_box=\box54
) (./sprawozdanie.aux

LaTeX Warning: Label `fig:BTC_2014_2017' multiply defined.


LaTeX Warning: Label `fig:BTC_2014_2017' multiply defined.


LaTeX Warning: Label `fig:BTC_2014_2017' multiply defined.


LaTeX Warning: Label `fig:BTC_2014_2017' multiply defined.


LaTeX Warning: Label `fig:BTC_2014_2017' multiply defined.

)
\openout1 = `sprawozdanie.aux'.

LaTeX Font Info:    Checking defaults for OML/cmm/m/it on input line 9.
LaTeX Font Info:    ... okay on input line 9.
LaTeX Font Info:    Checking defaults for OMS/cmsy/m/n on input line 9.
LaTeX Font Info:    ... okay on input line 9.
LaTeX Font Info:    Checking defaults for OT1/cmr/m/n on input line 9.
LaTeX Font Info:    ... okay on input line 9.
LaTeX Font Info:    Checking defaults for T1/cmr/m/n on input line 9.
LaTeX Font Info:    ... okay on input line 9.
LaTeX Font Info:    Checking defaults for TS1/cmr/m/n on input line 9.
LaTeX Font Info:    ... okay on input line 9.
LaTeX Font Info:    Checking defaults for OMX/cmex/m/n on input line 9.
LaTeX Font Info:    ... okay on input line 9.
LaTeX Font Info:    Checking defaults for U/cmr/m/n on input line 9.
LaTeX Font Info:    ... okay on input line 9.
 (/usr/share/texmf-dist/tex/context/base/mkii/supp-pdf.mkii
[Loading MPS to PDF converter (version 2006.09.02).]
\scratchcounter=\count283
\scratchdimen=\dimen153
\scratchbox=\box55
\nofMPsegments=\count284
\nofMParguments=\count285
\everyMPshowfont=\toks23
\MPscratchCnt=\count286
\MPscratchDim=\dimen154
\MPnumerator=\count287
\makeMPintoPDFobject=\count288
\everyMPtoPDFconversion=\toks24
) (/usr/share/texmf-dist/tex/latex/epstopdf-pkg/epstopdf-base.sty
Package: epstopdf-base 2020-01-24 v2.11 Base part for package epstopdf
Package epstopdf-base Info: Redefining graphics rule for `.eps' on input line 485.
 (/usr/share/texmf-dist/tex/latex/latexconfig/epstopdf-sys.cfg
File: epstopdf-sys.cfg 2010/07/13 v1.3 Configuration of (r)epstopdf for TeX Live
))
Overfull \hbox (13.52504pt too wide) in paragraph at lines 20--21
\T1/cmr/m/n/12 cow-any przez Ger-arda Ap-pela w 1979 roku i stanowi jedno z na-jpop-u-larniejszych
 []



[1

{/var/lib/texmf/fonts/map/pdftex/updmap/pdftex.map}]

[2]
<S&P 500 from 2015-01-02 VALUE.pdf, id=21, 867.24pt x 433.62pt>
File: S&P 500 from 2015-01-02 VALUE.pdf Graphic file (type pdf)
<use S&P 500 from 2015-01-02 VALUE.pdf>
Package pdftex.def Info: S&P 500 from 2015-01-02 VALUE.pdf  used on input line 76.
(pdftex.def)             Requested size: 390.0pt x 195.00148pt.
<S&P 500 from 2019-05-01 VALUE.pdf, id=22, 867.24pt x 433.62pt>
File: S&P 500 from 2019-05-01 VALUE.pdf Graphic file (type pdf)
<use S&P 500 from 2019-05-01 VALUE.pdf>
Package pdftex.def Info: S&P 500 from 2019-05-01 VALUE.pdf  used on input line 78.
(pdftex.def)             Requested size: 390.0pt x 195.00148pt.


LaTeX Warning: `!h' float specifier changed to `!ht'.



[3]
<BTC from 2015-01-01 VALUE.pdf, id=28, 867.24pt x 433.62pt>
File: BTC from 2015-01-01 VALUE.pdf Graphic file (type pdf)
<use BTC from 2015-01-01 VALUE.pdf>
Package pdftex.def Info: BTC from 2015-01-01 VALUE.pdf  used on input line 88.
(pdftex.def)             Requested size: 390.0pt x 195.00148pt.

Overfull \hbox (48.2937pt too wide) in paragraph at lines 88--89
 []\T1/cmr/m/n/12 +0.4+0.4[] 
 []


LaTeX Warning: `!h' float specifier changed to `!ht'.

<S&P 500 from 2015-01-02 BUYSELL.pdf, id=29, 867.24pt x 433.62pt>
File: S&P 500 from 2015-01-02 BUYSELL.pdf Graphic file (type pdf)
<use S&P 500 from 2015-01-02 BUYSELL.pdf>
Package pdftex.def Info: S&P 500 from 2015-01-02 BUYSELL.pdf  used on input line 98.
(pdftex.def)             Requested size: 390.0pt x 195.00148pt.
<S&P 500 from 2015-01-02 MACD.pdf, id=30, 867.24pt x 433.62pt>
File: S&P 500 from 2015-01-02 MACD.pdf Graphic file (type pdf)
<use S&P 500 from 2015-01-02 MACD.pdf>
Package pdftex.def Info: S&P 500 from 2015-01-02 MACD.pdf  used on input line 99.
(pdftex.def)             Requested size: 390.0pt x 195.00148pt.


[4 <./S&P 500 from 2015-01-02 VALUE.pdf> <./S&P 500 from 2019-05-01 VALUE.pdf>]

LaTeX Warning: `!h' float specifier changed to `!ht'.



[5 <./BTC from 2015-01-01 VALUE.pdf>]
<S&P 500 from 2019-05-01 BUYSELL.pdf, id=123, 867.24pt x 433.62pt>
File: S&P 500 from 2019-05-01 BUYSELL.pdf Graphic file (type pdf)
<use S&P 500 from 2019-05-01 BUYSELL.pdf>
Package pdftex.def Info: S&P 500 from 2019-05-01 BUYSELL.pdf  used on input line 112.
(pdftex.def)             Requested size: 390.0pt x 195.00148pt.
<S&P 500 from 2019-05-01 MACD.pdf, id=124, 867.24pt x 433.62pt>
File: S&P 500 from 2019-05-01 MACD.pdf Graphic file (type pdf)
<use S&P 500 from 2019-05-01 MACD.pdf>
Package pdftex.def Info: S&P 500 from 2019-05-01 MACD.pdf  used on input line 113.
(pdftex.def)             Requested size: 390.0pt x 195.00148pt.


LaTeX Warning: `!h' float specifier changed to `!ht'.



[6 <./S&P 500 from 2015-01-02 BUYSELL.pdf> <./S&P 500 from 2015-01-02 MACD.pdf>]
<BTC from 2015-01-01 BUYSELL.pdf, id=206, 867.24pt x 433.62pt>
File: BTC from 2015-01-01 BUYSELL.pdf Graphic file (type pdf)
<use BTC from 2015-01-01 BUYSELL.pdf>
Package pdftex.def Info: BTC from 2015-01-01 BUYSELL.pdf  used on input line 128.
(pdftex.def)             Requested size: 390.0pt x 195.00148pt.
<BTC from 2015-01-01 MACD.pdf, id=207, 867.24pt x 433.62pt>
File: BTC from 2015-01-01 MACD.pdf Graphic file (type pdf)
<use BTC from 2015-01-01 MACD.pdf>
Package pdftex.def Info: BTC from 2015-01-01 MACD.pdf  used on input line 129.
(pdftex.def)             Requested size: 390.0pt x 195.00148pt.


LaTeX Warning: `!h' float specifier changed to `!ht'.



[7 <./S&P 500 from 2019-05-01 BUYSELL.pdf> <./S&P 500 from 2019-05-01 MACD.pdf>]

[8 <./BTC from 2015-01-01 BUYSELL.pdf> <./BTC from 2015-01-01 MACD.pdf>]
<S&P 500 SHORT PERIOD from 2015-05-18 BUYSELL.pdf, id=365, 867.24pt x 433.62pt>
File: S&P 500 SHORT PERIOD from 2015-05-18 BUYSELL.pdf Graphic file (type pdf)
<use S&P 500 SHORT PERIOD from 2015-05-18 BUYSELL.pdf>
Package pdftex.def Info: S&P 500 SHORT PERIOD from 2015-05-18 BUYSELL.pdf  used on input line 150.
(pdftex.def)             Requested size: 390.0pt x 195.00148pt.
<S&P 500 SHORT PERIOD from 2015-05-18 GAINS.pdf, id=366, 867.24pt x 433.62pt>
File: S&P 500 SHORT PERIOD from 2015-05-18 GAINS.pdf Graphic file (type pdf)
<use S&P 500 SHORT PERIOD from 2015-05-18 GAINS.pdf>
Package pdftex.def Info: S&P 500 SHORT PERIOD from 2015-05-18 GAINS.pdf  used on input line 151.
(pdftex.def)             Requested size: 390.0pt x 195.00148pt.


[9 <./S&P 500 SHORT PERIOD from 2015-05-18 BUYSELL.pdf> <./S&P 500 SHORT PERIOD from 2015-05-18 GAINS.pdf>]
<BTC SHORT PERIOD from 2015-03-08 BUYSELL.pdf, id=454, 867.24pt x 433.62pt>
File: BTC SHORT PERIOD from 2015-03-08 BUYSELL.pdf Graphic file (type pdf)
<use BTC SHORT PERIOD from 2015-03-08 BUYSELL.pdf>
Package pdftex.def Info: BTC SHORT PERIOD from 2015-03-08 BUYSELL.pdf  used on input line 167.
(pdftex.def)             Requested size: 390.0pt x 195.00148pt.
<BTC SHORT PERIOD from 2015-03-08 GAINS.pdf, id=455, 867.24pt x 433.62pt>
File: BTC SHORT PERIOD from 2015-03-08 GAINS.pdf Graphic file (type pdf)
<use BTC SHORT PERIOD from 2015-03-08 GAINS.pdf>
Package pdftex.def Info: BTC SHORT PERIOD from 2015-03-08 GAINS.pdf  used on input line 168.
(pdftex.def)             Requested size: 390.0pt x 195.00148pt.


LaTeX Warning: `!h' float specifier changed to `!ht'.


Overfull \hbox (15.38068pt too wide) in paragraph at lines 175--176
[]\T1/cmr/m/n/12 Zmienno±¢ rynku kryp-towa-lut powodowaªa, »e mo-menty kupna i sprzeda»y
 []



[10]
<S&P 500 from 2015-01-02 COMBINED.pdf, id=459, 867.24pt x 722.7pt>
File: S&P 500 from 2015-01-02 COMBINED.pdf Graphic file (type pdf)
<use S&P 500 from 2015-01-02 COMBINED.pdf>
Package pdftex.def Info: S&P 500 from 2015-01-02 COMBINED.pdf  used on input line 185.
(pdftex.def)             Requested size: 390.0pt x 325.00247pt.


LaTeX Warning: `!h' float specifier changed to `!ht'.



[11 <./BTC SHORT PERIOD from 2015-03-08 BUYSELL.pdf> <./BTC SHORT PERIOD from 2015-03-08 GAINS.pdf>]

[12 <./S&P 500 from 2015-01-02 COMBINED.pdf>]
<S&P 500 from 2019-05-01 COMBINED.pdf, id=617, 867.24pt x 722.7pt>
File: S&P 500 from 2019-05-01 COMBINED.pdf Graphic file (type pdf)
<use S&P 500 from 2019-05-01 COMBINED.pdf>
Package pdftex.def Info: S&P 500 from 2019-05-01 COMBINED.pdf  used on input line 197.
(pdftex.def)             Requested size: 390.0pt x 325.00247pt.


[13 <./S&P 500 from 2019-05-01 COMBINED.pdf>]
<BTC from 2015-01-01 COMBINED.pdf, id=682, 867.24pt x 722.7pt>
File: BTC from 2015-01-01 COMBINED.pdf Graphic file (type pdf)
<use BTC from 2015-01-01 COMBINED.pdf>
Package pdftex.def Info: BTC from 2015-01-01 COMBINED.pdf  used on input line 207.
(pdftex.def)             Requested size: 390.0pt x 325.00247pt.


[14 <./BTC from 2015-01-01 COMBINED.pdf>]

[15] (./sprawozdanie.aux)
 ***********
LaTeX2e <2024-11-01> patch level 2
L3 programming layer <2025-01-18>
 ***********


LaTeX Warning: There were multiply-defined labels.

 ) 
Here is how much of TeX's memory you used:
 2360 strings out of 475171
 37251 string characters out of 5767095
 421428 words of memory out of 5000000
 25366 multiletter control sequences out of 15000+600000
 570032 words of font info for 62 fonts, out of 8000000 for 9000
 14 hyphenation exceptions out of 8191
 57i,6n,65p,640b,238s stack positions out of 10000i,1000n,20000p,200000b,200000s
 </home/ursus/.texlive/texmf-var/fonts/pk/ljfour/jknappen/ec/ecbx1440.600pk> </home/ursus/.texlive/texmf-var/fonts/pk/ljfour/jknappen/ec/ecbx1200.600pk> </home/ursus/.texlive/texmf-var/fonts/pk/ljfour/jknappen/ec/tcrm1200.600pk> </home/ursus/.texlive/texmf-var/fonts/pk/ljfour/jknappen/ec/ecti1200.600pk> </home/ursus/.texlive/texmf-var/fonts/pk/ljfour/jknappen/ec/ecrm1200.600pk> </home/ursus/.texlive/texmf-var/fonts/pk/ljfour/jknappen/ec/ecbx1728.600pk> </home/ursus/.texlive/texmf-var/fonts/pk/ljfour/jknappen/ec/ecrm1440.600pk> </home/ursus/.texlive/texmf-var/fonts/pk/ljfour/jknappen/ec/ecrm2074.600pk></usr/share/texmf-dist/fonts/type1/public/amsfonts/cm/cmmi12.pfb></usr/share/texmf-dist/fonts/type1/public/amsfonts/cm/cmmi8.pfb></usr/share/texmf-dist/fonts/type1/public/amsfonts/cm/cmr12.pfb></usr/share/texmf-dist/fonts/type1/public/amsfonts/cm/cmr8.pfb></usr/share/texmf-dist/fonts/type1/public/amsfonts/cm/cmsy10.pfb></usr/share/texmf-dist/fonts/type1/public/amsfonts/cm/cmsy8.pfb>
Output written on sprawozdanie.pdf (15 pages, 561086 bytes).
PDF statistics:
 1061 PDF objects out of 1200 (max. 8388607)
 165 compressed objects within 2 object streams
 0 named destinations out of 1000 (max. 500000)
 81 words of extra memory for PDF output out of 10000 (max. 10000000)

